------------------------------------------------------------
 Model:        tpxo10_atlas
 Constituents included: m2 s2 k1 o1 n2 p1 k2 q1 2n2 mf mm m4 ms4 mn4 s1

     Lat       Lon        mm.dd.yyyy hh:mm:ss     z(m)   Depth(m)


------------------------------------------------------------
 Model:        a/TPXO/Model_tpxo10_atlas
 Constituents included: m2  s2  k1  o1  n2  p1  k2  q1  2n2 mf  mm  m4  ms4 mn4 s1  
 
     Lat       Lon        mm.dd.yyyy hh:mm:ss     z(m)   Depth(m)
 
    28.3114  -96.4250     01.11.2023 00:00:00     0.121    11.540
    28.3114  -96.4250     01.11.2023 00:10:00     0.127    11.540
    28.3114  -96.4250     01.11.2023 00:20:00     0.132    11.540
    28.3114  -96.4250     01.11.2023 00:30:00     0.136    11.540
    28.3114  -96.4250     01.11.2023 00:40:00     0.140    11.540
    28.3114  -96.4250     01.11.2023 00:50:00     0.143    11.540
    28.3114  -96.4250     01.11.2023 01:00:00     0.145    11.540
    28.3114  -96.4250     01.11.2023 01:10:00     0.147    11.540
    28.3114  -96.4250     01.11.2023 01:20:00     0.149    11.540
    28.3114  -96.4250     01.11.2023 01:30:00     0.150    11.540
    28.3114  -96.4250     01.11.2023 01:40:00     0.150    11.540
    28.3114  -96.4250     01.11.2023 01:50:00     0.151    11.540
    28.3114  -96.4250     01.11.2023 02:00:00     0.151    11.540
    28.3114  -96.4250     01.11.2023 02:10:00     0.151    11.540
    28.3114  -96.4250     01.11.2023 02:20:00     0.150    11.540
    28.3114  -96.4250     01.11.2023 02:30:00     0.149    11.540
    28.3114  -96.4250     01.11.2023 02:40:00     0.148    11.540
    28.3114  -96.4250     01.11.2023 02:50:00     0.147    11.540
    28.3114  -96.4250     01.11.2023 03:00:00     0.146    11.540
    28.3227  -96.3661     01.11.2023 00:00:00     0.120    12.507
    28.3227  -96.3661     01.11.2023 00:10:00     0.126    12.507
    28.3227  -96.3661     01.11.2023 00:20:00     0.131    12.507
    28.3227  -96.3661     01.11.2023 00:30:00     0.135    12.507
    28.3227  -96.3661     01.11.2023 00:40:00     0.139    12.507
    28.3227  -96.3661     01.11.2023 00:50:00     0.142    12.507
    28.3227  -96.3661     01.11.2023 01:00:00     0.144    12.507
    28.3227  -96.3661     01.11.2023 01:10:00     0.146    12.507
    28.3227  -96.3661     01.11.2023 01:20:00     0.148    12.507
    28.3227  -96.3661     01.11.2023 01:30:00     0.149    12.507
    28.3227  -96.3661     01.11.2023 01:40:00     0.150    12.507
    28.3227  -96.3661     01.11.2023 01:50:00     0.150    12.507
    28.3227  -96.3661     01.11.2023 02:00:00     0.150    12.507
    28.3227  -96.3661     01.11.2023 02:10:00     0.150    12.507
    28.3227  -96.3661     01.11.2023 02:20:00     0.150    12.507
    28.3227  -96.3661     01.11.2023 02:30:00     0.149    12.507
    28.3227  -96.3661     01.11.2023 02:40:00     0.148    12.507
    28.3227  -96.3661     01.11.2023 02:50:00     0.147    12.507
    28.3227  -96.3661     01.11.2023 03:00:00     0.146    12.507
    28.3624  -96.2886     01.11.2023 00:00:00     0.119    14.991
    28.3624  -96.2886     01.11.2023 00:10:00     0.125    14.991
    28.3624  -96.2886     01.11.2023 00:20:00     0.130    14.991
    28.3624  -96.2886     01.11.2023 00:30:00     0.135    14.991
    28.3624  -96.2886     01.11.2023 00:40:00     0.139    14.991
    28.3624  -96.2886     01.11.2023 00:50:00     0.142    14.991
    28.3624  -96.2886     01.11.2023 01:00:00     0.145    14.991
    28.3624  -96.2886     01.11.2023 01:10:00     0.147    14.991
    28.3624  -96.2886     01.11.2023 01:20:00     0.149    14.991
    28.3624  -96.2886     01.11.2023 01:30:00     0.150    14.991
    28.3624  -96.2886     01.11.2023 01:40:00     0.151    14.991
    28.3624  -96.2886     01.11.2023 01:50:00     0.152    14.991
    28.3624  -96.2886     01.11.2023 02:00:00     0.152    14.991
    28.3624  -96.2886     01.11.2023 02:10:00     0.152    14.991
    28.3624  -96.2886     01.11.2023 02:20:00     0.152    14.991
    28.3624  -96.2886     01.11.2023 02:30:00     0.151    14.991
    28.3624  -96.2886     01.11.2023 02:40:00     0.151    14.991
    28.3624  -96.2886     01.11.2023 02:50:00     0.150    14.991
    28.3624  -96.2886     01.11.2023 03:00:00     0.149    14.991
    28.4020  -96.2110     01.11.2023 00:00:00     0.122    15.149
    28.4020  -96.2110     01.11.2023 00:10:00     0.127    15.149
    28.4020  -96.2110     01.11.2023 00:20:00     0.133    15.149
    28.4020  -96.2110     01.11.2023 00:30:00     0.137    15.149
    28.4020  -96.2110     01.11.2023 00:40:00     0.141    15.149
    28.4020  -96.2110     01.11.2023 00:50:00     0.145    15.149
    28.4020  -96.2110     01.11.2023 01:00:00     0.148    15.149
    28.4020  -96.2110     01.11.2023 01:10:00     0.150    15.149
    28.4020  -96.2110     01.11.2023 01:20:00     0.152    15.149
    28.4020  -96.2110     01.11.2023 01:30:00     0.153    15.149
    28.4020  -96.2110     01.11.2023 01:40:00     0.154    15.149
    28.4020  -96.2110     01.11.2023 01:50:00     0.154    15.149
    28.4020  -96.2110     01.11.2023 02:00:00     0.155    15.149
    28.4020  -96.2110     01.11.2023 02:10:00     0.155    15.149
    28.4020  -96.2110     01.11.2023 02:20:00     0.154    15.149
    28.4020  -96.2110     01.11.2023 02:30:00     0.154    15.149
    28.4020  -96.2110     01.11.2023 02:40:00     0.153    15.149
    28.4020  -96.2110     01.11.2023 02:50:00     0.152    15.149
    28.4020  -96.2110     01.11.2023 03:00:00     0.151    15.149
    28.4415  -96.1333     01.11.2023 00:00:00     0.126    14.983
    28.4415  -96.1333     01.11.2023 00:10:00     0.132    14.983
    28.4415  -96.1333     01.11.2023 00:20:00     0.137    14.983
    28.4415  -96.1333     01.11.2023 00:30:00     0.142    14.983
    28.4415  -96.1333     01.11.2023 00:40:00     0.146    14.983
    28.4415  -96.1333     01.11.2023 00:50:00     0.149    14.983
    28.4415  -96.1333     01.11.2023 01:00:00     0.152    14.983
    28.4415  -96.1333     01.11.2023 01:10:00     0.154    14.983
    28.4415  -96.1333     01.11.2023 01:20:00     0.156    14.983
    28.4415  -96.1333     01.11.2023 01:30:00     0.157    14.983
    28.4415  -96.1333     01.11.2023 01:40:00     0.158    14.983
    28.4415  -96.1333     01.11.2023 01:50:00     0.158    14.983
    28.4415  -96.1333     01.11.2023 02:00:00     0.159    14.983
    28.4415  -96.1333     01.11.2023 02:10:00     0.158    14.983
    28.4415  -96.1333     01.11.2023 02:20:00     0.158    14.983
    28.4415  -96.1333     01.11.2023 02:30:00     0.157    14.983
    28.4415  -96.1333     01.11.2023 02:40:00     0.156    14.983
    28.4415  -96.1333     01.11.2023 02:50:00     0.155    14.983
    28.4415  -96.1333     01.11.2023 03:00:00     0.154    14.983
    28.4811  -96.0556     01.11.2023 00:00:00     0.132    14.414
    28.4811  -96.0556     01.11.2023 00:10:00     0.138    14.414
    28.4811  -96.0556     01.11.2023 00:20:00     0.143    14.414
    28.4811  -96.0556     01.11.2023 00:30:00     0.148    14.414
    28.4811  -96.0556     01.11.2023 00:40:00     0.152    14.414
    28.4811  -96.0556     01.11.2023 00:50:00     0.155    14.414
    28.4811  -96.0556     01.11.2023 01:00:00     0.158    14.414
    28.4811  -96.0556     01.11.2023 01:10:00     0.160    14.414
    28.4811  -96.0556     01.11.2023 01:20:00     0.162    14.414
    28.4811  -96.0556     01.11.2023 01:30:00     0.163    14.414
    28.4811  -96.0556     01.11.2023 01:40:00     0.164    14.414
    28.4811  -96.0556     01.11.2023 01:50:00     0.164    14.414
    28.4811  -96.0556     01.11.2023 02:00:00     0.164    14.414
    28.4811  -96.0556     01.11.2023 02:10:00     0.163    14.414
    28.4811  -96.0556     01.11.2023 02:20:00     0.163    14.414
    28.4811  -96.0556     01.11.2023 02:30:00     0.162    14.414
    28.4811  -96.0556     01.11.2023 02:40:00     0.160    14.414
    28.4811  -96.0556     01.11.2023 02:50:00     0.159    14.414
    28.4811  -96.0556     01.11.2023 03:00:00     0.158    14.414
    28.5205  -95.9778     01.11.2023 00:00:00     0.138    13.666
    28.5205  -95.9778     01.11.2023 00:10:00     0.144    13.666
    28.5205  -95.9778     01.11.2023 00:20:00     0.149    13.666
    28.5205  -95.9778     01.11.2023 00:30:00     0.154    13.666
    28.5205  -95.9778     01.11.2023 00:40:00     0.158    13.666
    28.5205  -95.9778     01.11.2023 00:50:00     0.161    13.666
    28.5205  -95.9778     01.11.2023 01:00:00     0.164    13.666
    28.5205  -95.9778     01.11.2023 01:10:00     0.166    13.666
    28.5205  -95.9778     01.11.2023 01:20:00     0.167    13.666
    28.5205  -95.9778     01.11.2023 01:30:00     0.168    13.666
    28.5205  -95.9778     01.11.2023 01:40:00     0.168    13.666
    28.5205  -95.9778     01.11.2023 01:50:00     0.169    13.666
    28.5205  -95.9778     01.11.2023 02:00:00     0.168    13.666
    28.5205  -95.9778     01.11.2023 02:10:00     0.168    13.666
    28.5205  -95.9778     01.11.2023 02:20:00     0.167    13.666
    28.5205  -95.9778     01.11.2023 02:30:00     0.165    13.666
    28.5205  -95.9778     01.11.2023 02:40:00     0.164    13.666
    28.5205  -95.9778     01.11.2023 02:50:00     0.162    13.666
    28.5205  -95.9778     01.11.2023 03:00:00     0.160    13.666
    28.5599  -95.9000     01.11.2023 00:00:00     0.146    13.006
    28.5599  -95.9000     01.11.2023 00:10:00     0.152    13.006
    28.5599  -95.9000     01.11.2023 00:20:00     0.157    13.006
    28.5599  -95.9000     01.11.2023 00:30:00     0.162    13.006
    28.5599  -95.9000     01.11.2023 00:40:00     0.166    13.006
    28.5599  -95.9000     01.11.2023 00:50:00     0.169    13.006
    28.5599  -95.9000     01.11.2023 01:00:00     0.171    13.006
    28.5599  -95.9000     01.11.2023 01:10:00     0.173    13.006
    28.5599  -95.9000     01.11.2023 01:20:00     0.174    13.006
    28.5599  -95.9000     01.11.2023 01:30:00     0.175    13.006
    28.5599  -95.9000     01.11.2023 01:40:00     0.175    13.006
    28.5599  -95.9000     01.11.2023 01:50:00     0.175    13.006
    28.5599  -95.9000     01.11.2023 02:00:00     0.175    13.006
    28.5599  -95.9000     01.11.2023 02:10:00     0.174    13.006
    28.5599  -95.9000     01.11.2023 02:20:00     0.172    13.006
    28.5599  -95.9000     01.11.2023 02:30:00     0.171    13.006
    28.5599  -95.9000     01.11.2023 02:40:00     0.169    13.006
    28.5599  -95.9000     01.11.2023 02:50:00     0.167    13.006
    28.5599  -95.9000     01.11.2023 03:00:00     0.165    13.006
    28.5993  -95.8221     01.11.2023 00:00:00     0.154    12.643
    28.5993  -95.8221     01.11.2023 00:10:00     0.160    12.643
    28.5993  -95.8221     01.11.2023 00:20:00     0.165    12.643
    28.5993  -95.8221     01.11.2023 00:30:00     0.169    12.643
    28.5993  -95.8221     01.11.2023 00:40:00     0.173    12.643
    28.5993  -95.8221     01.11.2023 00:50:00     0.176    12.643
    28.5993  -95.8221     01.11.2023 01:00:00     0.178    12.643
    28.5993  -95.8221     01.11.2023 01:10:00     0.180    12.643
    28.5993  -95.8221     01.11.2023 01:20:00     0.181    12.643
    28.5993  -95.8221     01.11.2023 01:30:00     0.182    12.643
    28.5993  -95.8221     01.11.2023 01:40:00     0.182    12.643
    28.5993  -95.8221     01.11.2023 01:50:00     0.181    12.643
    28.5993  -95.8221     01.11.2023 02:00:00     0.180    12.643
    28.5993  -95.8221     01.11.2023 02:10:00     0.179    12.643
    28.5993  -95.8221     01.11.2023 02:20:00     0.177    12.643
    28.5993  -95.8221     01.11.2023 02:30:00     0.175    12.643
    28.5993  -95.8221     01.11.2023 02:40:00     0.173    12.643
    28.5993  -95.8221     01.11.2023 02:50:00     0.171    12.643
    28.5993  -95.8221     01.11.2023 03:00:00     0.168    12.643
    28.6386  -95.7442     01.11.2023 00:00:00     0.161    12.534
    28.6386  -95.7442     01.11.2023 00:10:00     0.167    12.534
    28.6386  -95.7442     01.11.2023 00:20:00     0.172    12.534
    28.6386  -95.7442     01.11.2023 00:30:00     0.176    12.534
    28.6386  -95.7442     01.11.2023 00:40:00     0.180    12.534
    28.6386  -95.7442     01.11.2023 00:50:00     0.183    12.534
    28.6386  -95.7442     01.11.2023 01:00:00     0.185    12.534
    28.6386  -95.7442     01.11.2023 01:10:00     0.186    12.534
    28.6386  -95.7442     01.11.2023 01:20:00     0.187    12.534
    28.6386  -95.7442     01.11.2023 01:30:00     0.188    12.534
    28.6386  -95.7442     01.11.2023 01:40:00     0.188    12.534
    28.6386  -95.7442     01.11.2023 01:50:00     0.187    12.534
    28.6386  -95.7442     01.11.2023 02:00:00     0.186    12.534
    28.6386  -95.7442     01.11.2023 02:10:00     0.184    12.534
    28.6386  -95.7442     01.11.2023 02:20:00     0.182    12.534
    28.6386  -95.7442     01.11.2023 02:30:00     0.180    12.534
    28.6386  -95.7442     01.11.2023 02:40:00     0.178    12.534
    28.6386  -95.7442     01.11.2023 02:50:00     0.175    12.534
    28.6386  -95.7442     01.11.2023 03:00:00     0.172    12.534
    28.6778  -95.6662     01.11.2023 00:00:00     0.167    12.555
    28.6778  -95.6662     01.11.2023 00:10:00     0.173    12.555
    28.6778  -95.6662     01.11.2023 00:20:00     0.178    12.555
    28.6778  -95.6662     01.11.2023 00:30:00     0.183    12.555
    28.6778  -95.6662     01.11.2023 00:40:00     0.187    12.555
    28.6778  -95.6662     01.11.2023 00:50:00     0.190    12.555
    28.6778  -95.6662     01.11.2023 01:00:00     0.192    12.555
    28.6778  -95.6662     01.11.2023 01:10:00     0.193    12.555
    28.6778  -95.6662     01.11.2023 01:20:00     0.194    12.555
    28.6778  -95.6662     01.11.2023 01:30:00     0.195    12.555
    28.6778  -95.6662     01.11.2023 01:40:00     0.194    12.555
    28.6778  -95.6662     01.11.2023 01:50:00     0.193    12.555
    28.6778  -95.6662     01.11.2023 02:00:00     0.192    12.555
    28.6778  -95.6662     01.11.2023 02:10:00     0.190    12.555
    28.6778  -95.6662     01.11.2023 02:20:00     0.188    12.555
    28.6778  -95.6662     01.11.2023 02:30:00     0.186    12.555
    28.6778  -95.6662     01.11.2023 02:40:00     0.183    12.555
    28.6778  -95.6662     01.11.2023 02:50:00     0.180    12.555
    28.6778  -95.6662     01.11.2023 03:00:00     0.176    12.555
    28.7170  -95.5882     01.11.2023 00:00:00     0.173    12.758
    28.7170  -95.5882     01.11.2023 00:10:00     0.179    12.758
    28.7170  -95.5882     01.11.2023 00:20:00     0.185    12.758
    28.7170  -95.5882     01.11.2023 00:30:00     0.189    12.758
    28.7170  -95.5882     01.11.2023 00:40:00     0.193    12.758
    28.7170  -95.5882     01.11.2023 00:50:00     0.196    12.758
    28.7170  -95.5882     01.11.2023 01:00:00     0.198    12.758
    28.7170  -95.5882     01.11.2023 01:10:00     0.199    12.758
    28.7170  -95.5882     01.11.2023 01:20:00     0.200    12.758
    28.7170  -95.5882     01.11.2023 01:30:00     0.200    12.758
    28.7170  -95.5882     01.11.2023 01:40:00     0.200    12.758
    28.7170  -95.5882     01.11.2023 01:50:00     0.199    12.758
    28.7170  -95.5882     01.11.2023 02:00:00     0.197    12.758
    28.7170  -95.5882     01.11.2023 02:10:00     0.195    12.758
    28.7170  -95.5882     01.11.2023 02:20:00     0.193    12.758
    28.7170  -95.5882     01.11.2023 02:30:00     0.190    12.758
    28.7170  -95.5882     01.11.2023 02:40:00     0.187    12.758
    28.7170  -95.5882     01.11.2023 02:50:00     0.183    12.758
    28.7170  -95.5882     01.11.2023 03:00:00     0.180    12.758
    28.7562  -95.5100     01.11.2023 00:00:00     0.177    12.583
    28.7562  -95.5100     01.11.2023 00:10:00     0.183    12.583
    28.7562  -95.5100     01.11.2023 00:20:00     0.189    12.583
    28.7562  -95.5100     01.11.2023 00:30:00     0.193    12.583
    28.7562  -95.5100     01.11.2023 00:40:00     0.197    12.583
    28.7562  -95.5100     01.11.2023 00:50:00     0.200    12.583
    28.7562  -95.5100     01.11.2023 01:00:00     0.202    12.583
    28.7562  -95.5100     01.11.2023 01:10:00     0.203    12.583
    28.7562  -95.5100     01.11.2023 01:20:00     0.204    12.583
    28.7562  -95.5100     01.11.2023 01:30:00     0.204    12.583
    28.7562  -95.5100     01.11.2023 01:40:00     0.203    12.583
    28.7562  -95.5100     01.11.2023 01:50:00     0.202    12.583
    28.7562  -95.5100     01.11.2023 02:00:00     0.200    12.583
    28.7562  -95.5100     01.11.2023 02:10:00     0.198    12.583
    28.7562  -95.5100     01.11.2023 02:20:00     0.196    12.583
    28.7562  -95.5100     01.11.2023 02:30:00     0.193    12.583
    28.7562  -95.5100     01.11.2023 02:40:00     0.189    12.583
    28.7562  -95.5100     01.11.2023 02:50:00     0.186    12.583
    28.7562  -95.5100     01.11.2023 03:00:00     0.182    12.583
    28.7953  -95.4319     01.11.2023 00:00:00     0.183    11.172
    28.7953  -95.4319     01.11.2023 00:10:00     0.189    11.172
    28.7953  -95.4319     01.11.2023 00:20:00     0.194    11.172
    28.7953  -95.4319     01.11.2023 00:30:00     0.199    11.172
    28.7953  -95.4319     01.11.2023 00:40:00     0.203    11.172
    28.7953  -95.4319     01.11.2023 00:50:00     0.205    11.172
    28.7953  -95.4319     01.11.2023 01:00:00     0.207    11.172
    28.7953  -95.4319     01.11.2023 01:10:00     0.209    11.172
    28.7953  -95.4319     01.11.2023 01:20:00     0.209    11.172
    28.7953  -95.4319     01.11.2023 01:30:00     0.209    11.172
    28.7953  -95.4319     01.11.2023 01:40:00     0.208    11.172
    28.7953  -95.4319     01.11.2023 01:50:00     0.207    11.172
    28.7953  -95.4319     01.11.2023 02:00:00     0.205    11.172
    28.7953  -95.4319     01.11.2023 02:10:00     0.203    11.172
    28.7953  -95.4319     01.11.2023 02:20:00     0.200    11.172
    28.7953  -95.4319     01.11.2023 02:30:00     0.196    11.172
    28.7953  -95.4319     01.11.2023 02:40:00     0.193    11.172
    28.7953  -95.4319     01.11.2023 02:50:00     0.189    11.172
    28.7953  -95.4319     01.11.2023 03:00:00     0.185    11.172
    28.8313  -95.4155     01.11.2023 00:00:00     0.181     7.561
    28.8313  -95.4155     01.11.2023 00:10:00     0.188     7.561
    28.8313  -95.4155     01.11.2023 00:20:00     0.193     7.561
    28.8313  -95.4155     01.11.2023 00:30:00     0.198     7.561
    28.8313  -95.4155     01.11.2023 00:40:00     0.202     7.561
    28.8313  -95.4155     01.11.2023 00:50:00     0.205     7.561
    28.8313  -95.4155     01.11.2023 01:00:00     0.207     7.561
    28.8313  -95.4155     01.11.2023 01:10:00     0.208     7.561
    28.8313  -95.4155     01.11.2023 01:20:00     0.209     7.561
    28.8313  -95.4155     01.11.2023 01:30:00     0.209     7.561
    28.8313  -95.4155     01.11.2023 01:40:00     0.208     7.561
    28.8313  -95.4155     01.11.2023 01:50:00     0.207     7.561
    28.8313  -95.4155     01.11.2023 02:00:00     0.205     7.561
    28.8313  -95.4155     01.11.2023 02:10:00     0.203     7.561
    28.8313  -95.4155     01.11.2023 02:20:00     0.200     7.561
    28.8313  -95.4155     01.11.2023 02:30:00     0.197     7.561
    28.8313  -95.4155     01.11.2023 02:40:00     0.194     7.561
    28.8313  -95.4155     01.11.2023 02:50:00     0.190     7.561
    28.8313  -95.4155     01.11.2023 03:00:00     0.186     7.561
